(?<host>\S*) (?<clock>{.*})\n(?<event>.*)

Apple {"Apple":1}
Initialization Complete
Apple {"Apple":2}
Sending from client.go:43 Apple
Apple {"Banana":5, "Apricot":3, "Apple":3}
Received on client.go:56 Apple
Apple {"Apple":4, "Banana":5, "Apricot":3}
Sending from client.go:43 Apple
Apple {"Apricot":5, "Apple":5, "Banana":9}
Received on client.go:56 Apple
Apple {"Apple":6, "Banana":9, "Apricot":5}
Sending from client.go:43 Apple
Apple {"Apple":7, "Banana":13, "Apricot":7}
Received on client.go:56 Apple
Apple {"Apple":8, "Banana":13, "Apricot":7}
Sending from client.go:43 Apple
Apple {"Apple":9, "Banana":17, "Apricot":9}
Received on client.go:56 Apple
Apple {"Apple":10, "Banana":17, "Apricot":9}
Sending from client.go:43 Apple
Apple {"Banana":21, "Apricot":11, "Apple":11}
Received on client.go:56 Apple
Apple {"Apricot":11, "Apple":12, "Banana":21}
Sending from client.go:43 Apple
Apple {"Apple":13, "Banana":25, "Apricot":13}
Received on client.go:56 Apple
Apple {"Apple":14, "Banana":25, "Apricot":13}
Sending from client.go:43 Apple
Apple {"Apple":15, "Banana":29, "Apricot":15}
Received on client.go:56 Apple
Apple {"Apple":16, "Banana":29, "Apricot":15}
Sending from client.go:43 Apple
Apple {"Apple":17, "Banana":33, "Apricot":17}
Received on client.go:56 Apple
Apple {"Apple":18, "Banana":33, "Apricot":17}
Sending from client.go:43 Apple
Apple {"Apple":19, "Banana":37, "Apricot":19}
Received on client.go:56 Apple
Apple {"Apple":20, "Banana":37, "Apricot":19}
Sending from client.go:43 Apple
Apple {"Apple":21, "Banana":41, "Apricot":21}
Received on client.go:56 Apple
Apple {"Apple":22, "Banana":41, "Apricot":21}
Sending from client.go:43 Apple
Apple {"Banana":45, "Apricot":23, "Apple":23}
Received on client.go:56 Apple
Apple {"Apricot":23, "Apple":24, "Banana":45}
Sending from client.go:43 Apple
Apple {"Apple":25, "Banana":49, "Apricot":25}
Received on client.go:56 Apple
Apple {"Banana":49, "Apricot":25, "Apple":26}
Sending from client.go:43 Apple
Apple {"Apple":27, "Banana":53, "Apricot":27}
Received on client.go:56 Apple
Apple {"Apricot":27, "Apple":28, "Banana":53}
Sending from client.go:43 Apple
Apple {"Apple":29, "Banana":57, "Apricot":29}
Received on client.go:56 Apple
Apple {"Apple":30, "Banana":57, "Apricot":29}
Sending from client.go:43 Apple
Apple {"Apple":31, "Banana":61, "Apricot":31}
Received on client.go:56 Apple
Apple {"Apple":32, "Banana":61, "Apricot":31}
Sending from client.go:43 Apple
Apple {"Apple":33, "Banana":65, "Apricot":33}
Received on client.go:56 Apple
Apple {"Apple":34, "Banana":65, "Apricot":33}
Sending from client.go:43 Apple
Apple {"Apple":35, "Banana":69, "Apricot":35}
Received on client.go:56 Apple
Apple {"Apple":36, "Banana":69, "Apricot":35}
Sending from client.go:43 Apple
Apple {"Apple":37, "Banana":73, "Apricot":37}
Received on client.go:56 Apple
Apple {"Apple":38, "Banana":73, "Apricot":37}
Sending from client.go:43 Apple
Apple {"Banana":77, "Apricot":39, "Apple":39}
Received on client.go:56 Apple
Apple {"Apricot":39, "Apple":40, "Banana":77}
Sending from client.go:43 Apple
Apple {"Apple":41, "Banana":81, "Apricot":41}
Received on client.go:56 Apple
Apple {"Apple":42, "Banana":81, "Apricot":41}
Sending from client.go:43 Apple
Apple {"Apple":43, "Banana":85, "Apricot":43}
Received on client.go:56 Apple
Apple {"Apple":44, "Banana":85, "Apricot":43}
Sending from client.go:43 Apple
Apple {"Apple":45, "Banana":89, "Apricot":45}
Received on client.go:56 Apple
Apple {"Apple":46, "Banana":89, "Apricot":45}
Sending from client.go:43 Apple
Apple {"Banana":93, "Apricot":47, "Apple":47}
Received on client.go:56 Apple
Apple {"Apple":48, "Banana":93, "Apricot":47}
Sending from client.go:43 Apple
Apple {"Apricot":49, "Apple":49, "Banana":97}
Received on client.go:56 Apple
Apple {"Apple":50, "Banana":97, "Apricot":49}
Sending from client.go:43 Apple
Apple {"Apple":51, "Banana":101, "Apricot":51}
Received on client.go:56 Apple
Apple {"Apple":52, "Banana":101, "Apricot":51}
Sending from client.go:43 Apple
Apple {"Apple":53, "Banana":105, "Apricot":53}
Received on client.go:56 Apple
Apple {"Apple":54, "Banana":105, "Apricot":53}
Sending from client.go:43 Apple
Apple {"Apple":55, "Banana":109, "Apricot":55}
Received on client.go:56 Apple
Apple {"Apple":56, "Banana":109, "Apricot":55}
Sending from client.go:43 Apple
Apple {"Apple":57, "Banana":113, "Apricot":57}
Received on client.go:56 Apple
Apple {"Apple":58, "Banana":113, "Apricot":57}
Sending from client.go:43 Apple
Apple {"Apple":59, "Banana":117, "Apricot":59}
Received on client.go:56 Apple
Apple {"Apple":60, "Banana":117, "Apricot":59}
Sending from client.go:43 Apple
Apple {"Apple":61, "Banana":121, "Apricot":61}
Received on client.go:56 Apple
Apple {"Apple":62, "Banana":121, "Apricot":61}
Sending from client.go:43 Apple
Apple {"Apple":63, "Banana":125, "Apricot":63}
Received on client.go:56 Apple
Apple {"Apple":64, "Banana":125, "Apricot":63}
Sending from client.go:43 Apple
Apple {"Apple":65, "Banana":129, "Apricot":65}
Received on client.go:56 Apple
Apple {"Apple":66, "Banana":129, "Apricot":65}
Sending from client.go:43 Apple
Apple {"Apple":67, "Banana":133, "Apricot":67}
Received on client.go:56 Apple
Apple {"Apple":68, "Banana":133, "Apricot":67}
Sending from client.go:43 Apple
Apple {"Apple":69, "Banana":137, "Apricot":69}
Received on client.go:56 Apple
Apple {"Apple":70, "Banana":137, "Apricot":69}
Sending from client.go:43 Apple
Apple {"Apple":71, "Banana":141, "Apricot":71}
Received on client.go:56 Apple
Apple {"Banana":141, "Apricot":71, "Apple":72}
Sending from client.go:43 Apple
Apple {"Apple":73, "Banana":145, "Apricot":73}
Received on client.go:56 Apple
Apple {"Apricot":73, "Apple":74, "Banana":145}
Sending from client.go:43 Apple
Apple {"Apple":75, "Banana":149, "Apricot":75}
Received on client.go:56 Apple
Apple {"Apple":76, "Banana":149, "Apricot":75}
Sending from client.go:43 Apple
Apple {"Apple":77, "Banana":153, "Apricot":77}
Received on client.go:56 Apple
Apple {"Banana":153, "Apricot":77, "Apple":78}
Sending from client.go:43 Apple
Apple {"Apricot":79, "Apple":79, "Banana":157}
Received on client.go:56 Apple
Apple {"Apple":80, "Banana":157, "Apricot":79}
Sending from client.go:43 Apple
Apple {"Apple":81, "Banana":161, "Apricot":81}
Received on client.go:56 Apple
Apple {"Apple":82, "Banana":161, "Apricot":81}
Sending from client.go:43 Apple
Apple {"Banana":165, "Apricot":83, "Apple":83}
Received on client.go:56 Apple
Apple {"Apple":84, "Banana":165, "Apricot":83}
Sending from client.go:43 Apple
Apple {"Apple":85, "Banana":169, "Apricot":85}
Received on client.go:56 Apple
Apple {"Apricot":85, "Apple":86, "Banana":169}
Sending from client.go:43 Apple
Apple {"Apple":87, "Banana":173, "Apricot":87}
Received on client.go:56 Apple
Apple {"Apple":88, "Banana":173, "Apricot":87}
Sending from client.go:43 Apple
Apple {"Apple":89, "Banana":177, "Apricot":89}
Received on client.go:56 Apple
Apple {"Apple":90, "Banana":177, "Apricot":89}
Sending from client.go:43 Apple
Apple {"Banana":181, "Apricot":91, "Apple":91}
Received on client.go:56 Apple
Apple {"Apricot":91, "Apple":92, "Banana":181}
Sending from client.go:43 Apple
Apple {"Apple":93, "Banana":185, "Apricot":93}
Received on client.go:56 Apple
Apple {"Apple":94, "Banana":185, "Apricot":93}
Sending from client.go:43 Apple
Apple {"Apple":95, "Banana":189, "Apricot":95}
Received on client.go:56 Apple
Apple {"Apple":96, "Banana":189, "Apricot":95}
Sending from client.go:43 Apple
Apple {"Apple":97, "Banana":193, "Apricot":97}
Received on client.go:56 Apple
Apple {"Apple":98, "Banana":193, "Apricot":97}
Sending from client.go:43 Apple
Apple {"Apple":99, "Banana":197, "Apricot":99}
Received on client.go:56 Apple
Apple {"Apple":100, "Banana":197, "Apricot":99}
Sending from client.go:43 Apple
Apple {"Apple":101, "Banana":201, "Apricot":101}
Received on client.go:56 Apple
Apple {"Apple":102, "Banana":201, "Apricot":101}
Sending from client.go:43 Apple
Apple {"Banana":205, "Apricot":103, "Apple":103}
Received on client.go:56 Apple
Apple {"Apple":104, "Banana":205, "Apricot":103}
Sending from client.go:43 Apple
Apple {"Apple":105, "Banana":209, "Apricot":105}
Received on client.go:56 Apple
Apple {"Apple":106, "Banana":209, "Apricot":105}
Sending from client.go:43 Apple
Apple {"Apple":107, "Banana":213, "Apricot":107}
Received on client.go:56 Apple
Apple {"Apricot":107, "Apple":108, "Banana":213}
Sending from client.go:43 Apple
Apple {"Apple":109, "Banana":217, "Apricot":109}
Received on client.go:56 Apple
Apple {"Apple":110, "Banana":217, "Apricot":109}
Sending from client.go:43 Apple
Apple {"Apple":111, "Banana":221, "Apricot":111}
Received on client.go:56 Apple
Apple {"Apple":112, "Banana":221, "Apricot":111}
Sending from client.go:43 Apple
Apple {"Apple":113, "Banana":225, "Apricot":113}
Received on client.go:56 Apple
Apple {"Apple":114, "Banana":225, "Apricot":113}
Sending from client.go:43 Apple
Apple {"Banana":229, "Apricot":115, "Apple":115}
Received on client.go:56 Apple
Apple {"Apple":116, "Banana":229, "Apricot":115}
Sending from client.go:43 Apple
Apple {"Apricot":117, "Apple":117, "Banana":233}
Received on client.go:56 Apple
Apple {"Apple":118, "Banana":233, "Apricot":117}
Sending from client.go:43 Apple
Apple {"Apple":119, "Banana":237, "Apricot":119}
Received on client.go:56 Apple
Apple {"Apple":120, "Banana":237, "Apricot":119}
Sending from client.go:43 Apple
Apple {"Apple":121, "Banana":241, "Apricot":121}
Received on client.go:56 Apple
Apple {"Apple":122, "Banana":241, "Apricot":121}
Sending from client.go:43 Apple
Apple {"Banana":245, "Apricot":123, "Apple":123}
Received on client.go:56 Apple
Apple {"Apricot":123, "Apple":124, "Banana":245}
Sending from client.go:43 Apple
Apple {"Apple":125, "Banana":249, "Apricot":125}
Received on client.go:56 Apple
Apple {"Apple":126, "Banana":249, "Apricot":125}
Sending from client.go:43 Apple
Apple {"Apple":127, "Banana":253, "Apricot":127}
Received on client.go:56 Apple
Apple {"Banana":253, "Apricot":127, "Apple":128}
Sending from client.go:43 Apple
Apple {"Apricot":129, "Apple":129, "Banana":257}
Received on client.go:56 Apple
Apple {"Apple":130, "Banana":257, "Apricot":129}
Sending from client.go:43 Apple
Apple {"Apple":131, "Banana":261, "Apricot":131}
Received on client.go:56 Apple
Apple {"Banana":261, "Apricot":131, "Apple":132}
Sending from client.go:43 Apple
Apple {"Apple":133, "Banana":265, "Apricot":133}
Received on client.go:56 Apple
Apple {"Apricot":133, "Apple":134, "Banana":265}
Sending from client.go:43 Apple
Apple {"Apple":135, "Banana":269, "Apricot":135}
Received on client.go:56 Apple
Apple {"Apple":136, "Banana":269, "Apricot":135}
Sending from client.go:43 Apple
Apple {"Apple":137, "Banana":273, "Apricot":137}
Received on client.go:56 Apple
Apple {"Apple":138, "Banana":273, "Apricot":137}
Sending from client.go:43 Apple
Apple {"Apple":139, "Banana":277, "Apricot":139}
Received on client.go:56 Apple
Apple {"Apple":140, "Banana":277, "Apricot":139}
Sending from client.go:43 Apple
Apple {"Apple":141, "Banana":281, "Apricot":141}
Received on client.go:56 Apple
Apple {"Apple":142, "Banana":281, "Apricot":141}
Sending from client.go:43 Apple
Apple {"Apple":143, "Banana":285, "Apricot":143}
Received on client.go:56 Apple
Apple {"Apple":144, "Banana":285, "Apricot":143}
Sending from client.go:43 Apple
Apple {"Banana":289, "Apricot":145, "Apple":145}
Received on client.go:56 Apple
Apple {"Apricot":145, "Apple":146, "Banana":289}
Sending from client.go:43 Apple
Apple {"Apple":147, "Banana":293, "Apricot":147}
Received on client.go:56 Apple
Apple {"Apple":148, "Banana":293, "Apricot":147}
Sending from client.go:43 Apple
Apple {"Apple":149, "Banana":297, "Apricot":149}
Received on client.go:56 Apple
Apple {"Apple":150, "Banana":297, "Apricot":149}
Sending from client.go:43 Apple
Apple {"Apple":151, "Banana":301, "Apricot":151}
Received on client.go:56 Apple
Apple {"Banana":301, "Apricot":151, "Apple":152}
Sending from client.go:43 Apple
Apple {"Apple":153, "Banana":305, "Apricot":153}
Received on client.go:56 Apple
Apple {"Apple":154, "Banana":305, "Apricot":153}
Sending from client.go:43 Apple
Apple {"Apricot":155, "Apple":155, "Banana":309}
Received on client.go:56 Apple
Apple {"Apple":156, "Banana":309, "Apricot":155}
Sending from client.go:43 Apple
Apple {"Apple":157, "Banana":313, "Apricot":157}
Received on client.go:56 Apple
Apple {"Apple":158, "Banana":313, "Apricot":157}
Sending from client.go:43 Apple
Apple {"Apple":159, "Banana":317, "Apricot":159}
Received on client.go:56 Apple
Apple {"Apple":160, "Banana":317, "Apricot":159}
Sending from client.go:43 Apple
Apple {"Apple":161, "Banana":321, "Apricot":161}
Received on client.go:56 Apple
Apple {"Apple":162, "Banana":321, "Apricot":161}
Sending from client.go:43 Apple
Apple {"Apple":163, "Banana":325, "Apricot":163}
Received on client.go:56 Apple
Apple {"Apple":164, "Banana":325, "Apricot":163}
Sending from client.go:43 Apple
Apple {"Apple":165, "Banana":329, "Apricot":165}
Received on client.go:56 Apple
Apple {"Apple":166, "Banana":329, "Apricot":165}
Sending from client.go:43 Apple
Apple {"Apple":167, "Banana":333, "Apricot":167}
Received on client.go:56 Apple
Apple {"Apple":168, "Banana":333, "Apricot":167}
Sending from client.go:43 Apple
Apple {"Apple":169, "Banana":337, "Apricot":169}
Received on client.go:56 Apple
Apple {"Banana":337, "Apricot":169, "Apple":170}
Sending from client.go:43 Apple
Apple {"Apricot":171, "Apple":171, "Banana":341}
Received on client.go:56 Apple
Apple {"Apple":172, "Banana":341, "Apricot":171}
Sending from client.go:43 Apple
Apple {"Apple":173, "Banana":345, "Apricot":173}
Received on client.go:56 Apple
Apple {"Apple":174, "Banana":345, "Apricot":173}
Sending from client.go:43 Apple
Apple {"Apple":175, "Banana":349, "Apricot":175}
Received on client.go:56 Apple
Apple {"Apple":176, "Banana":349, "Apricot":175}
Sending from client.go:43 Apple
Apple {"Apple":177, "Banana":353, "Apricot":177}
Received on client.go:56 Apple
Apple {"Apple":178, "Banana":353, "Apricot":177}
Sending from client.go:43 Apple
Apple {"Banana":357, "Apricot":179, "Apple":179}
Received on client.go:56 Apple
Apple {"Apricot":179, "Apple":180, "Banana":357}
Sending from client.go:43 Apple
Apple {"Apple":181, "Banana":361, "Apricot":181}
Received on client.go:56 Apple
Apple {"Banana":361, "Apricot":181, "Apple":182}
Sending from client.go:43 Apple
Apple {"Apple":183, "Banana":365, "Apricot":183}
Received on client.go:56 Apple
Apple {"Apple":184, "Banana":365, "Apricot":183}
Sending from client.go:43 Apple
Apple {"Apple":185, "Banana":369, "Apricot":185}
Received on client.go:56 Apple
Apple {"Apple":186, "Banana":369, "Apricot":185}
Sending from client.go:43 Apple
Apple {"Apple":187, "Banana":373, "Apricot":187}
Received on client.go:56 Apple
Apple {"Apricot":187, "Apple":188, "Banana":373}
Sending from client.go:43 Apple
Apple {"Apple":189, "Banana":377, "Apricot":189}
Received on client.go:56 Apple
Apple {"Banana":377, "Apricot":189, "Apple":190}
Sending from client.go:43 Apple
Apple {"Apricot":191, "Apple":191, "Banana":381}
Received on client.go:56 Apple
Apple {"Apple":192, "Banana":381, "Apricot":191}
Sending from client.go:43 Apple
Apple {"Apple":193, "Banana":385, "Apricot":193}
Received on client.go:56 Apple
Apple {"Banana":385, "Apricot":193, "Apple":194}
Sending from client.go:43 Apple
Apple {"Apricot":195, "Apple":195, "Banana":389}
Received on client.go:56 Apple
Apple {"Apple":196, "Banana":389, "Apricot":195}
Sending from client.go:43 Apple
Apple {"Apple":197, "Banana":393, "Apricot":197}
Received on client.go:56 Apple
Apple {"Banana":393, "Apricot":197, "Apple":198}
Sending from client.go:43 Apple
Apple {"Apricot":199, "Apple":199, "Banana":397}
Received on client.go:56 Apple
Apple {"Apple":200, "Banana":397, "Apricot":199}
Sending from client.go:43 Apple
Apple {"Banana":401, "Apricot":201, "Apple":201}
Received on client.go:56 Apple
Apple {"Apple":202, "Banana":401, "Apricot":201}
Sending from client.go:43 Apple
Apple {"Apricot":203, "Apple":203, "Banana":405}
Received on client.go:56 Apple
Banana {"Banana":1}
Initialization Complete
Banana {"Apple":2, "Banana":2}
Received on coeff.go:49 Banana
Banana {"Apple":2, "Banana":3}
Sending from coeff.go:67 Banana
Banana {"Apple":2, "Banana":4, "Apricot":3}
Received on coeff.go:79 Banana
Banana {"Apple":2, "Banana":5, "Apricot":3}
Sending from coeff.go:95 Banana
Banana {"Banana":6, "Apricot":3, "Apple":4}
Received on coeff.go:49 Banana
Banana {"Apple":4, "Banana":7, "Apricot":3}
Sending from coeff.go:67 Banana
Banana {"Apple":4, "Banana":8, "Apricot":5}
Received on coeff.go:79 Banana
Banana {"Apricot":5, "Apple":4, "Banana":9}
Sending from coeff.go:95 Banana
Banana {"Apple":6, "Banana":10, "Apricot":5}
Received on coeff.go:49 Banana
Banana {"Banana":11, "Apricot":5, "Apple":6}
Sending from coeff.go:67 Banana
Banana {"Apple":6, "Banana":12, "Apricot":7}
Received on coeff.go:79 Banana
Banana {"Apple":6, "Banana":13, "Apricot":7}
Sending from coeff.go:95 Banana
Banana {"Apricot":7, "Apple":8, "Banana":14}
Received on coeff.go:49 Banana
Banana {"Apple":8, "Banana":15, "Apricot":7}
Sending from coeff.go:67 Banana
Banana {"Banana":16, "Apricot":9, "Apple":8}
Received on coeff.go:79 Banana
Banana {"Apricot":9, "Apple":8, "Banana":17}
Sending from coeff.go:95 Banana
Banana {"Apple":10, "Banana":18, "Apricot":9}
Received on coeff.go:49 Banana
Banana {"Apple":10, "Banana":19, "Apricot":9}
Sending from coeff.go:67 Banana
Banana {"Apple":10, "Banana":20, "Apricot":11}
Received on coeff.go:79 Banana
Banana {"Apple":10, "Banana":21, "Apricot":11}
Sending from coeff.go:95 Banana
Banana {"Apple":12, "Banana":22, "Apricot":11}
Received on coeff.go:49 Banana
Banana {"Apple":12, "Banana":23, "Apricot":11}
Sending from coeff.go:67 Banana
Banana {"Apple":12, "Banana":24, "Apricot":13}
Received on coeff.go:79 Banana
Banana {"Apple":12, "Banana":25, "Apricot":13}
Sending from coeff.go:95 Banana
Banana {"Apple":14, "Banana":26, "Apricot":13}
Received on coeff.go:49 Banana
Banana {"Apple":14, "Banana":27, "Apricot":13}
Sending from coeff.go:67 Banana
Banana {"Apple":14, "Banana":28, "Apricot":15}
Received on coeff.go:79 Banana
Banana {"Apple":14, "Banana":29, "Apricot":15}
Sending from coeff.go:95 Banana
Banana {"Apple":16, "Banana":30, "Apricot":15}
Received on coeff.go:49 Banana
Banana {"Apple":16, "Banana":31, "Apricot":15}
Sending from coeff.go:67 Banana
Banana {"Banana":32, "Apricot":17, "Apple":16}
Received on coeff.go:79 Banana
Banana {"Apricot":17, "Apple":16, "Banana":33}
Sending from coeff.go:95 Banana
Banana {"Apple":18, "Banana":34, "Apricot":17}
Received on coeff.go:49 Banana
Banana {"Apple":18, "Banana":35, "Apricot":17}
Sending from coeff.go:67 Banana
Banana {"Apple":18, "Banana":36, "Apricot":19}
Received on coeff.go:79 Banana
Banana {"Banana":37, "Apricot":19, "Apple":18}
Sending from coeff.go:95 Banana
Banana {"Apple":20, "Banana":38, "Apricot":19}
Received on coeff.go:49 Banana
Banana {"Apricot":19, "Apple":20, "Banana":39}
Sending from coeff.go:67 Banana
Banana {"Apple":20, "Banana":40, "Apricot":21}
Received on coeff.go:79 Banana
Banana {"Apple":20, "Banana":41, "Apricot":21}
Sending from coeff.go:95 Banana
Banana {"Apple":22, "Banana":42, "Apricot":21}
Received on coeff.go:49 Banana
Banana {"Apple":22, "Banana":43, "Apricot":21}
Sending from coeff.go:67 Banana
Banana {"Apple":22, "Banana":44, "Apricot":23}
Received on coeff.go:79 Banana
Banana {"Apple":22, "Banana":45, "Apricot":23}
Sending from coeff.go:95 Banana
Banana {"Apple":24, "Banana":46, "Apricot":23}
Received on coeff.go:49 Banana
Banana {"Banana":47, "Apricot":23, "Apple":24}
Sending from coeff.go:67 Banana
Banana {"Apple":24, "Banana":48, "Apricot":25}
Received on coeff.go:79 Banana
Banana {"Apple":24, "Banana":49, "Apricot":25}
Sending from coeff.go:95 Banana
Banana {"Apple":26, "Banana":50, "Apricot":25}
Received on coeff.go:49 Banana
Banana {"Apple":26, "Banana":51, "Apricot":25}
Sending from coeff.go:67 Banana
Banana {"Apple":26, "Banana":52, "Apricot":27}
Received on coeff.go:79 Banana
Banana {"Apricot":27, "Apple":26, "Banana":53}
Sending from coeff.go:95 Banana
Banana {"Apple":28, "Banana":54, "Apricot":27}
Received on coeff.go:49 Banana
Banana {"Banana":55, "Apricot":27, "Apple":28}
Sending from coeff.go:67 Banana
Banana {"Apricot":29, "Apple":28, "Banana":56}
Received on coeff.go:79 Banana
Banana {"Apple":28, "Banana":57, "Apricot":29}
Sending from coeff.go:95 Banana
Banana {"Apple":30, "Banana":58, "Apricot":29}
Received on coeff.go:49 Banana
Banana {"Apple":30, "Banana":59, "Apricot":29}
Sending from coeff.go:67 Banana
Banana {"Apple":30, "Banana":60, "Apricot":31}
Received on coeff.go:79 Banana
Banana {"Banana":61, "Apricot":31, "Apple":30}
Sending from coeff.go:95 Banana
Banana {"Apricot":31, "Apple":32, "Banana":62}
Received on coeff.go:49 Banana
Banana {"Apple":32, "Banana":63, "Apricot":31}
Sending from coeff.go:67 Banana
Banana {"Apple":32, "Banana":64, "Apricot":33}
Received on coeff.go:79 Banana
Banana {"Apple":32, "Banana":65, "Apricot":33}
Sending from coeff.go:95 Banana
Banana {"Banana":66, "Apricot":33, "Apple":34}
Received on coeff.go:49 Banana
Banana {"Apricot":33, "Apple":34, "Banana":67}
Sending from coeff.go:67 Banana
Banana {"Apple":34, "Banana":68, "Apricot":35}
Received on coeff.go:79 Banana
Banana {"Apple":34, "Banana":69, "Apricot":35}
Sending from coeff.go:95 Banana
Banana {"Apple":36, "Banana":70, "Apricot":35}
Received on coeff.go:49 Banana
Banana {"Banana":71, "Apricot":35, "Apple":36}
Sending from coeff.go:67 Banana
Banana {"Apricot":37, "Apple":36, "Banana":72}
Received on coeff.go:79 Banana
Banana {"Apple":36, "Banana":73, "Apricot":37}
Sending from coeff.go:95 Banana
Banana {"Banana":74, "Apricot":37, "Apple":38}
Received on coeff.go:49 Banana
Banana {"Apple":38, "Banana":75, "Apricot":37}
Sending from coeff.go:67 Banana
Banana {"Apricot":39, "Apple":38, "Banana":76}
Received on coeff.go:79 Banana
Banana {"Apple":38, "Banana":77, "Apricot":39}
Sending from coeff.go:95 Banana
Banana {"Apple":40, "Banana":78, "Apricot":39}
Received on coeff.go:49 Banana
Banana {"Apple":40, "Banana":79, "Apricot":39}
Sending from coeff.go:67 Banana
Banana {"Apple":40, "Banana":80, "Apricot":41}
Received on coeff.go:79 Banana
Banana {"Apple":40, "Banana":81, "Apricot":41}
Sending from coeff.go:95 Banana
Banana {"Apple":42, "Banana":82, "Apricot":41}
Received on coeff.go:49 Banana
Banana {"Apple":42, "Banana":83, "Apricot":41}
Sending from coeff.go:67 Banana
Banana {"Apple":42, "Banana":84, "Apricot":43}
Received on coeff.go:79 Banana
Banana {"Banana":85, "Apricot":43, "Apple":42}
Sending from coeff.go:95 Banana
Banana {"Apple":44, "Banana":86, "Apricot":43}
Received on coeff.go:49 Banana
Banana {"Apple":44, "Banana":87, "Apricot":43}
Sending from coeff.go:67 Banana
Banana {"Apple":44, "Banana":88, "Apricot":45}
Received on coeff.go:79 Banana
Banana {"Apricot":45, "Apple":44, "Banana":89}
Sending from coeff.go:95 Banana
Banana {"Apple":46, "Banana":90, "Apricot":45}
Received on coeff.go:49 Banana
Banana {"Banana":91, "Apricot":45, "Apple":46}
Sending from coeff.go:67 Banana
Banana {"Apple":46, "Banana":92, "Apricot":47}
Received on coeff.go:79 Banana
Banana {"Apricot":47, "Apple":46, "Banana":93}
Sending from coeff.go:95 Banana
Banana {"Apple":48, "Banana":94, "Apricot":47}
Received on coeff.go:49 Banana
Banana {"Apple":48, "Banana":95, "Apricot":47}
Sending from coeff.go:67 Banana
Banana {"Banana":96, "Apricot":49, "Apple":48}
Received on coeff.go:79 Banana
Banana {"Apricot":49, "Apple":48, "Banana":97}
Sending from coeff.go:95 Banana
Banana {"Apple":50, "Banana":98, "Apricot":49}
Received on coeff.go:49 Banana
Banana {"Banana":99, "Apricot":49, "Apple":50}
Sending from coeff.go:67 Banana
Banana {"Apple":50, "Banana":100, "Apricot":51}
Received on coeff.go:79 Banana
Banana {"Apricot":51, "Apple":50, "Banana":101}
Sending from coeff.go:95 Banana
Banana {"Apple":52, "Banana":102, "Apricot":51}
Received on coeff.go:49 Banana
Banana {"Apple":52, "Banana":103, "Apricot":51}
Sending from coeff.go:67 Banana
Banana {"Apple":52, "Banana":104, "Apricot":53}
Received on coeff.go:79 Banana
Banana {"Apple":52, "Banana":105, "Apricot":53}
Sending from coeff.go:95 Banana
Banana {"Apple":54, "Banana":106, "Apricot":53}
Received on coeff.go:49 Banana
Banana {"Apple":54, "Banana":107, "Apricot":53}
Sending from coeff.go:67 Banana
Banana {"Banana":108, "Apricot":55, "Apple":54}
Received on coeff.go:79 Banana
Banana {"Apricot":55, "Apple":54, "Banana":109}
Sending from coeff.go:95 Banana
Banana {"Apple":56, "Banana":110, "Apricot":55}
Received on coeff.go:49 Banana
Banana {"Apple":56, "Banana":111, "Apricot":55}
Sending from coeff.go:67 Banana
Banana {"Apple":56, "Banana":112, "Apricot":57}
Received on coeff.go:79 Banana
Banana {"Apple":56, "Banana":113, "Apricot":57}
Sending from coeff.go:95 Banana
Banana {"Apple":58, "Banana":114, "Apricot":57}
Received on coeff.go:49 Banana
Banana {"Banana":115, "Apricot":57, "Apple":58}
Sending from coeff.go:67 Banana
Banana {"Apricot":59, "Apple":58, "Banana":116}
Received on coeff.go:79 Banana
Banana {"Apple":58, "Banana":117, "Apricot":59}
Sending from coeff.go:95 Banana
Banana {"Apple":60, "Banana":118, "Apricot":59}
Received on coeff.go:49 Banana
Banana {"Apple":60, "Banana":119, "Apricot":59}
Sending from coeff.go:67 Banana
Banana {"Apple":60, "Banana":120, "Apricot":61}
Received on coeff.go:79 Banana
Banana {"Apple":60, "Banana":121, "Apricot":61}
Sending from coeff.go:95 Banana
Banana {"Apple":62, "Banana":122, "Apricot":61}
Received on coeff.go:49 Banana
Banana {"Apple":62, "Banana":123, "Apricot":61}
Sending from coeff.go:67 Banana
Banana {"Apple":62, "Banana":124, "Apricot":63}
Received on coeff.go:79 Banana
Banana {"Banana":125, "Apricot":63, "Apple":62}
Sending from coeff.go:95 Banana
Banana {"Apricot":63, "Apple":64, "Banana":126}
Received on coeff.go:49 Banana
Banana {"Apple":64, "Banana":127, "Apricot":63}
Sending from coeff.go:67 Banana
Banana {"Apple":64, "Banana":128, "Apricot":65}
Received on coeff.go:79 Banana
Banana {"Banana":129, "Apricot":65, "Apple":64}
Sending from coeff.go:95 Banana
Banana {"Apple":66, "Banana":130, "Apricot":65}
Received on coeff.go:49 Banana
Banana {"Apricot":65, "Apple":66, "Banana":131}
Sending from coeff.go:67 Banana
Banana {"Apple":66, "Banana":132, "Apricot":67}
Received on coeff.go:79 Banana
Banana {"Apple":66, "Banana":133, "Apricot":67}
Sending from coeff.go:95 Banana
Banana {"Apple":68, "Banana":134, "Apricot":67}
Received on coeff.go:49 Banana
Banana {"Apple":68, "Banana":135, "Apricot":67}
Sending from coeff.go:67 Banana
Banana {"Apple":68, "Banana":136, "Apricot":69}
Received on coeff.go:79 Banana
Banana {"Apple":68, "Banana":137, "Apricot":69}
Sending from coeff.go:95 Banana
Banana {"Apple":70, "Banana":138, "Apricot":69}
Received on coeff.go:49 Banana
Banana {"Apple":70, "Banana":139, "Apricot":69}
Sending from coeff.go:67 Banana
Banana {"Apple":70, "Banana":140, "Apricot":71}
Received on coeff.go:79 Banana
Banana {"Apple":70, "Banana":141, "Apricot":71}
Sending from coeff.go:95 Banana
Banana {"Apple":72, "Banana":142, "Apricot":71}
Received on coeff.go:49 Banana
Banana {"Apple":72, "Banana":143, "Apricot":71}
Sending from coeff.go:67 Banana
Banana {"Apple":72, "Banana":144, "Apricot":73}
Received on coeff.go:79 Banana
Banana {"Apple":72, "Banana":145, "Apricot":73}
Sending from coeff.go:95 Banana
Banana {"Banana":146, "Apricot":73, "Apple":74}
Received on coeff.go:49 Banana
Banana {"Apricot":73, "Apple":74, "Banana":147}
Sending from coeff.go:67 Banana
Banana {"Apple":74, "Banana":148, "Apricot":75}
Received on coeff.go:79 Banana
Banana {"Apple":74, "Banana":149, "Apricot":75}
Sending from coeff.go:95 Banana
Banana {"Apple":76, "Banana":150, "Apricot":75}
Received on coeff.go:49 Banana
Banana {"Apple":76, "Banana":151, "Apricot":75}
Sending from coeff.go:67 Banana
Banana {"Apple":76, "Banana":152, "Apricot":77}
Received on coeff.go:79 Banana
Banana {"Apple":76, "Banana":153, "Apricot":77}
Sending from coeff.go:95 Banana
Banana {"Apple":78, "Banana":154, "Apricot":77}
Received on coeff.go:49 Banana
Banana {"Apple":78, "Banana":155, "Apricot":77}
Sending from coeff.go:67 Banana
Banana {"Apple":78, "Banana":156, "Apricot":79}
Received on coeff.go:79 Banana
Banana {"Apple":78, "Banana":157, "Apricot":79}
Sending from coeff.go:95 Banana
Banana {"Apple":80, "Banana":158, "Apricot":79}
Received on coeff.go:49 Banana
Banana {"Banana":159, "Apricot":79, "Apple":80}
Sending from coeff.go:67 Banana
Banana {"Apple":80, "Banana":160, "Apricot":81}
Received on coeff.go:79 Banana
Banana {"Apple":80, "Banana":161, "Apricot":81}
Sending from coeff.go:95 Banana
Banana {"Apple":82, "Banana":162, "Apricot":81}
Received on coeff.go:49 Banana
Banana {"Apricot":81, "Apple":82, "Banana":163}
Sending from coeff.go:67 Banana
Banana {"Apple":82, "Banana":164, "Apricot":83}
Received on coeff.go:79 Banana
Banana {"Apple":82, "Banana":165, "Apricot":83}
Sending from coeff.go:95 Banana
Banana {"Apple":84, "Banana":166, "Apricot":83}
Received on coeff.go:49 Banana
Banana {"Banana":167, "Apricot":83, "Apple":84}
Sending from coeff.go:67 Banana
Banana {"Apple":84, "Banana":168, "Apricot":85}
Received on coeff.go:79 Banana
Banana {"Apricot":85, "Apple":84, "Banana":169}
Sending from coeff.go:95 Banana
Banana {"Apple":86, "Banana":170, "Apricot":85}
Received on coeff.go:49 Banana
Banana {"Banana":171, "Apricot":85, "Apple":86}
Sending from coeff.go:67 Banana
Banana {"Apple":86, "Banana":172, "Apricot":87}
Received on coeff.go:79 Banana
Banana {"Apple":86, "Banana":173, "Apricot":87}
Sending from coeff.go:95 Banana
Banana {"Apricot":87, "Apple":88, "Banana":174}
Received on coeff.go:49 Banana
Banana {"Apple":88, "Banana":175, "Apricot":87}
Sending from coeff.go:67 Banana
Banana {"Apple":88, "Banana":176, "Apricot":89}
Received on coeff.go:79 Banana
Banana {"Apple":88, "Banana":177, "Apricot":89}
Sending from coeff.go:95 Banana
Banana {"Apple":90, "Banana":178, "Apricot":89}
Received on coeff.go:49 Banana
Banana {"Banana":179, "Apricot":89, "Apple":90}
Sending from coeff.go:67 Banana
Banana {"Apricot":91, "Apple":90, "Banana":180}
Received on coeff.go:79 Banana
Banana {"Apple":90, "Banana":181, "Apricot":91}
Sending from coeff.go:95 Banana
Banana {"Banana":182, "Apricot":91, "Apple":92}
Received on coeff.go:49 Banana
Banana {"Apple":92, "Banana":183, "Apricot":91}
Sending from coeff.go:67 Banana
Banana {"Apple":92, "Banana":184, "Apricot":93}
Received on coeff.go:79 Banana
Banana {"Apricot":93, "Apple":92, "Banana":185}
Sending from coeff.go:95 Banana
Banana {"Apple":94, "Banana":186, "Apricot":93}
Received on coeff.go:49 Banana
Banana {"Banana":187, "Apricot":93, "Apple":94}
Sending from coeff.go:67 Banana
Banana {"Apricot":95, "Apple":94, "Banana":188}
Received on coeff.go:79 Banana
Banana {"Apple":94, "Banana":189, "Apricot":95}
Sending from coeff.go:95 Banana
Banana {"Apple":96, "Banana":190, "Apricot":95}
Received on coeff.go:49 Banana
Banana {"Apple":96, "Banana":191, "Apricot":95}
Sending from coeff.go:67 Banana
Banana {"Apple":96, "Banana":192, "Apricot":97}
Received on coeff.go:79 Banana
Banana {"Apple":96, "Banana":193, "Apricot":97}
Sending from coeff.go:95 Banana
Banana {"Apple":98, "Banana":194, "Apricot":97}
Received on coeff.go:49 Banana
Banana {"Apple":98, "Banana":195, "Apricot":97}
Sending from coeff.go:67 Banana
Banana {"Apple":98, "Banana":196, "Apricot":99}
Received on coeff.go:79 Banana
Banana {"Apple":98, "Banana":197, "Apricot":99}
Sending from coeff.go:95 Banana
Banana {"Banana":198, "Apricot":99, "Apple":100}
Received on coeff.go:49 Banana
Banana {"Apricot":99, "Apple":100, "Banana":199}
Sending from coeff.go:67 Banana
Banana {"Apple":100, "Banana":200, "Apricot":101}
Received on coeff.go:79 Banana
Banana {"Banana":201, "Apricot":101, "Apple":100}
Sending from coeff.go:95 Banana
Banana {"Apple":102, "Banana":202, "Apricot":101}
Received on coeff.go:49 Banana
Banana {"Apricot":101, "Apple":102, "Banana":203}
Sending from coeff.go:67 Banana
Banana {"Apple":102, "Banana":204, "Apricot":103}
Received on coeff.go:79 Banana
Banana {"Apple":102, "Banana":205, "Apricot":103}
Sending from coeff.go:95 Banana
Banana {"Apple":104, "Banana":206, "Apricot":103}
Received on coeff.go:49 Banana
Banana {"Apple":104, "Banana":207, "Apricot":103}
Sending from coeff.go:67 Banana
Banana {"Apple":104, "Banana":208, "Apricot":105}
Received on coeff.go:79 Banana
Banana {"Apple":104, "Banana":209, "Apricot":105}
Sending from coeff.go:95 Banana
Banana {"Banana":210, "Apricot":105, "Apple":106}
Received on coeff.go:49 Banana
Banana {"Apple":106, "Banana":211, "Apricot":105}
Sending from coeff.go:67 Banana
Banana {"Apple":106, "Banana":212, "Apricot":107}
Received on coeff.go:79 Banana
Banana {"Apricot":107, "Apple":106, "Banana":213}
Sending from coeff.go:95 Banana
Banana {"Apple":108, "Banana":214, "Apricot":107}
Received on coeff.go:49 Banana
Banana {"Banana":215, "Apricot":107, "Apple":108}
Sending from coeff.go:67 Banana
Banana {"Apricot":109, "Apple":108, "Banana":216}
Received on coeff.go:79 Banana
Banana {"Apple":108, "Banana":217, "Apricot":109}
Sending from coeff.go:95 Banana
Banana {"Apple":110, "Banana":218, "Apricot":109}
Received on coeff.go:49 Banana
Banana {"Banana":219, "Apricot":109, "Apple":110}
Sending from coeff.go:67 Banana
Banana {"Apple":110, "Banana":220, "Apricot":111}
Received on coeff.go:79 Banana
Banana {"Apple":110, "Banana":221, "Apricot":111}
Sending from coeff.go:95 Banana
Banana {"Apple":112, "Banana":222, "Apricot":111}
Received on coeff.go:49 Banana
Banana {"Apricot":111, "Apple":112, "Banana":223}
Sending from coeff.go:67 Banana
Banana {"Apple":112, "Banana":224, "Apricot":113}
Received on coeff.go:79 Banana
Banana {"Apple":112, "Banana":225, "Apricot":113}
Sending from coeff.go:95 Banana
Banana {"Banana":226, "Apricot":113, "Apple":114}
Received on coeff.go:49 Banana
Banana {"Apple":114, "Banana":227, "Apricot":113}
Sending from coeff.go:67 Banana
Banana {"Apricot":115, "Apple":114, "Banana":228}
Received on coeff.go:79 Banana
Banana {"Apple":114, "Banana":229, "Apricot":115}
Sending from coeff.go:95 Banana
Banana {"Apple":116, "Banana":230, "Apricot":115}
Received on coeff.go:49 Banana
Banana {"Banana":231, "Apricot":115, "Apple":116}
Sending from coeff.go:67 Banana
Banana {"Apricot":117, "Apple":116, "Banana":232}
Received on coeff.go:79 Banana
Banana {"Apple":116, "Banana":233, "Apricot":117}
Sending from coeff.go:95 Banana
Banana {"Apple":118, "Banana":234, "Apricot":117}
Received on coeff.go:49 Banana
Banana {"Apple":118, "Banana":235, "Apricot":117}
Sending from coeff.go:67 Banana
Banana {"Apple":118, "Banana":236, "Apricot":119}
Received on coeff.go:79 Banana
Banana {"Apple":118, "Banana":237, "Apricot":119}
Sending from coeff.go:95 Banana
Banana {"Apple":120, "Banana":238, "Apricot":119}
Received on coeff.go:49 Banana
Banana {"Apple":120, "Banana":239, "Apricot":119}
Sending from coeff.go:67 Banana
Banana {"Banana":240, "Apricot":121, "Apple":120}
Received on coeff.go:79 Banana
Banana {"Apricot":121, "Apple":120, "Banana":241}
Sending from coeff.go:95 Banana
Banana {"Apple":122, "Banana":242, "Apricot":121}
Received on coeff.go:49 Banana
Banana {"Apple":122, "Banana":243, "Apricot":121}
Sending from coeff.go:67 Banana
Banana {"Apple":122, "Banana":244, "Apricot":123}
Received on coeff.go:79 Banana
Banana {"Apple":122, "Banana":245, "Apricot":123}
Sending from coeff.go:95 Banana
Banana {"Apple":124, "Banana":246, "Apricot":123}
Received on coeff.go:49 Banana
Banana {"Banana":247, "Apricot":123, "Apple":124}
Sending from coeff.go:67 Banana
Banana {"Apricot":125, "Apple":124, "Banana":248}
Received on coeff.go:79 Banana
Banana {"Apple":124, "Banana":249, "Apricot":125}
Sending from coeff.go:95 Banana
Banana {"Apple":126, "Banana":250, "Apricot":125}
Received on coeff.go:49 Banana
Banana {"Apple":126, "Banana":251, "Apricot":125}
Sending from coeff.go:67 Banana
Banana {"Apple":126, "Banana":252, "Apricot":127}
Received on coeff.go:79 Banana
Banana {"Apple":126, "Banana":253, "Apricot":127}
Sending from coeff.go:95 Banana
Banana {"Apple":128, "Banana":254, "Apricot":127}
Received on coeff.go:49 Banana
Banana {"Apple":128, "Banana":255, "Apricot":127}
Sending from coeff.go:67 Banana
Banana {"Banana":256, "Apricot":129, "Apple":128}
Received on coeff.go:79 Banana
Banana {"Apple":128, "Banana":257, "Apricot":129}
Sending from coeff.go:95 Banana
Banana {"Apple":130, "Banana":258, "Apricot":129}
Received on coeff.go:49 Banana
Banana {"Apple":130, "Banana":259, "Apricot":129}
Sending from coeff.go:67 Banana
Banana {"Apricot":131, "Apple":130, "Banana":260}
Received on coeff.go:79 Banana
Banana {"Apple":130, "Banana":261, "Apricot":131}
Sending from coeff.go:95 Banana
Banana {"Apple":132, "Banana":262, "Apricot":131}
Received on coeff.go:49 Banana
Banana {"Apple":132, "Banana":263, "Apricot":131}
Sending from coeff.go:67 Banana
Banana {"Banana":264, "Apricot":133, "Apple":132}
Received on coeff.go:79 Banana
Banana {"Apple":132, "Banana":265, "Apricot":133}
Sending from coeff.go:95 Banana
Banana {"Apricot":133, "Apple":134, "Banana":266}
Received on coeff.go:49 Banana
Banana {"Apple":134, "Banana":267, "Apricot":133}
Sending from coeff.go:67 Banana
Banana {"Apple":134, "Banana":268, "Apricot":135}
Received on coeff.go:79 Banana
Banana {"Apple":134, "Banana":269, "Apricot":135}
Sending from coeff.go:95 Banana
Banana {"Banana":270, "Apricot":135, "Apple":136}
Received on coeff.go:49 Banana
Banana {"Apple":136, "Banana":271, "Apricot":135}
Sending from coeff.go:67 Banana
Banana {"Apple":136, "Banana":272, "Apricot":137}
Received on coeff.go:79 Banana
Banana {"Apple":136, "Banana":273, "Apricot":137}
Sending from coeff.go:95 Banana
Banana {"Apple":138, "Banana":274, "Apricot":137}
Received on coeff.go:49 Banana
Banana {"Apple":138, "Banana":275, "Apricot":137}
Sending from coeff.go:67 Banana
Banana {"Apple":138, "Banana":276, "Apricot":139}
Received on coeff.go:79 Banana
Banana {"Apple":138, "Banana":277, "Apricot":139}
Sending from coeff.go:95 Banana
Banana {"Apple":140, "Banana":278, "Apricot":139}
Received on coeff.go:49 Banana
Banana {"Apple":140, "Banana":279, "Apricot":139}
Sending from coeff.go:67 Banana
Banana {"Apricot":141, "Apple":140, "Banana":280}
Received on coeff.go:79 Banana
Banana {"Apple":140, "Banana":281, "Apricot":141}
Sending from coeff.go:95 Banana
Banana {"Apple":142, "Banana":282, "Apricot":141}
Received on coeff.go:49 Banana
Banana {"Apple":142, "Banana":283, "Apricot":141}
Sending from coeff.go:67 Banana
Banana {"Apple":142, "Banana":284, "Apricot":143}
Received on coeff.go:79 Banana
Banana {"Apple":142, "Banana":285, "Apricot":143}
Sending from coeff.go:95 Banana
Banana {"Banana":286, "Apricot":143, "Apple":144}
Received on coeff.go:49 Banana
Banana {"Apple":144, "Banana":287, "Apricot":143}
Sending from coeff.go:67 Banana
Banana {"Apricot":145, "Apple":144, "Banana":288}
Received on coeff.go:79 Banana
Banana {"Apple":144, "Banana":289, "Apricot":145}
Sending from coeff.go:95 Banana
Banana {"Apple":146, "Banana":290, "Apricot":145}
Received on coeff.go:49 Banana
Banana {"Apple":146, "Banana":291, "Apricot":145}
Sending from coeff.go:67 Banana
Banana {"Apple":146, "Banana":292, "Apricot":147}
Received on coeff.go:79 Banana
Banana {"Apple":146, "Banana":293, "Apricot":147}
Sending from coeff.go:95 Banana
Banana {"Banana":294, "Apricot":147, "Apple":148}
Received on coeff.go:49 Banana
Banana {"Apple":148, "Banana":295, "Apricot":147}
Sending from coeff.go:67 Banana
Banana {"Apricot":149, "Apple":148, "Banana":296}
Received on coeff.go:79 Banana
Banana {"Apple":148, "Banana":297, "Apricot":149}
Sending from coeff.go:95 Banana
Banana {"Apple":150, "Banana":298, "Apricot":149}
Received on coeff.go:49 Banana
Banana {"Apple":150, "Banana":299, "Apricot":149}
Sending from coeff.go:67 Banana
Banana {"Banana":300, "Apricot":151, "Apple":150}
Received on coeff.go:79 Banana
Banana {"Apricot":151, "Apple":150, "Banana":301}
Sending from coeff.go:95 Banana
Banana {"Apple":152, "Banana":302, "Apricot":151}
Received on coeff.go:49 Banana
Banana {"Apple":152, "Banana":303, "Apricot":151}
Sending from coeff.go:67 Banana
Banana {"Apple":152, "Banana":304, "Apricot":153}
Received on coeff.go:79 Banana
Banana {"Apple":152, "Banana":305, "Apricot":153}
Sending from coeff.go:95 Banana
Banana {"Apple":154, "Banana":306, "Apricot":153}
Received on coeff.go:49 Banana
Banana {"Apple":154, "Banana":307, "Apricot":153}
Sending from coeff.go:67 Banana
Banana {"Banana":308, "Apricot":155, "Apple":154}
Received on coeff.go:79 Banana
Banana {"Apricot":155, "Apple":154, "Banana":309}
Sending from coeff.go:95 Banana
Banana {"Apple":156, "Banana":310, "Apricot":155}
Received on coeff.go:49 Banana
Banana {"Apple":156, "Banana":311, "Apricot":155}
Sending from coeff.go:67 Banana
Banana {"Banana":312, "Apricot":157, "Apple":156}
Received on coeff.go:79 Banana
Banana {"Apple":156, "Banana":313, "Apricot":157}
Sending from coeff.go:95 Banana
Banana {"Apple":158, "Banana":314, "Apricot":157}
Received on coeff.go:49 Banana
Banana {"Apple":158, "Banana":315, "Apricot":157}
Sending from coeff.go:67 Banana
Banana {"Apricot":159, "Apple":158, "Banana":316}
Received on coeff.go:79 Banana
Banana {"Apple":158, "Banana":317, "Apricot":159}
Sending from coeff.go:95 Banana
Banana {"Apple":160, "Banana":318, "Apricot":159}
Received on coeff.go:49 Banana
Banana {"Apple":160, "Banana":319, "Apricot":159}
Sending from coeff.go:67 Banana
Banana {"Apple":160, "Banana":320, "Apricot":161}
Received on coeff.go:79 Banana
Banana {"Banana":321, "Apricot":161, "Apple":160}
Sending from coeff.go:95 Banana
Banana {"Apple":162, "Banana":322, "Apricot":161}
Received on coeff.go:49 Banana
Banana {"Apple":162, "Banana":323, "Apricot":161}
Sending from coeff.go:67 Banana
Banana {"Apple":162, "Banana":324, "Apricot":163}
Received on coeff.go:79 Banana
Banana {"Apple":162, "Banana":325, "Apricot":163}
Sending from coeff.go:95 Banana
Banana {"Apricot":163, "Apple":164, "Banana":326}
Received on coeff.go:49 Banana
Banana {"Apple":164, "Banana":327, "Apricot":163}
Sending from coeff.go:67 Banana
Banana {"Apple":164, "Banana":328, "Apricot":165}
Received on coeff.go:79 Banana
Banana {"Banana":329, "Apricot":165, "Apple":164}
Sending from coeff.go:95 Banana
Banana {"Apricot":165, "Apple":166, "Banana":330}
Received on coeff.go:49 Banana
Banana {"Apple":166, "Banana":331, "Apricot":165}
Sending from coeff.go:67 Banana
Banana {"Apple":166, "Banana":332, "Apricot":167}
Received on coeff.go:79 Banana
Banana {"Apple":166, "Banana":333, "Apricot":167}
Sending from coeff.go:95 Banana
Banana {"Apple":168, "Banana":334, "Apricot":167}
Received on coeff.go:49 Banana
Banana {"Apple":168, "Banana":335, "Apricot":167}
Sending from coeff.go:67 Banana
Banana {"Apple":168, "Banana":336, "Apricot":169}
Received on coeff.go:79 Banana
Banana {"Apple":168, "Banana":337, "Apricot":169}
Sending from coeff.go:95 Banana
Banana {"Banana":338, "Apricot":169, "Apple":170}
Received on coeff.go:49 Banana
Banana {"Apple":170, "Banana":339, "Apricot":169}
Sending from coeff.go:67 Banana
Banana {"Apple":170, "Banana":340, "Apricot":171}
Received on coeff.go:79 Banana
Banana {"Apple":170, "Banana":341, "Apricot":171}
Sending from coeff.go:95 Banana
Banana {"Apple":172, "Banana":342, "Apricot":171}
Received on coeff.go:49 Banana
Banana {"Apple":172, "Banana":343, "Apricot":171}
Sending from coeff.go:67 Banana
Banana {"Apple":172, "Banana":344, "Apricot":173}
Received on coeff.go:79 Banana
Banana {"Apricot":173, "Apple":172, "Banana":345}
Sending from coeff.go:95 Banana
Banana {"Apple":174, "Banana":346, "Apricot":173}
Received on coeff.go:49 Banana
Banana {"Banana":347, "Apricot":173, "Apple":174}
Sending from coeff.go:67 Banana
Banana {"Apple":174, "Banana":348, "Apricot":175}
Received on coeff.go:79 Banana
Banana {"Apple":174, "Banana":349, "Apricot":175}
Sending from coeff.go:95 Banana
Banana {"Apple":176, "Banana":350, "Apricot":175}
Received on coeff.go:49 Banana
Banana {"Apricot":175, "Apple":176, "Banana":351}
Sending from coeff.go:67 Banana
Banana {"Apple":176, "Banana":352, "Apricot":177}
Received on coeff.go:79 Banana
Banana {"Apple":176, "Banana":353, "Apricot":177}
Sending from coeff.go:95 Banana
Banana {"Apple":178, "Banana":354, "Apricot":177}
Received on coeff.go:49 Banana
Banana {"Apple":178, "Banana":355, "Apricot":177}
Sending from coeff.go:67 Banana
Banana {"Apple":178, "Banana":356, "Apricot":179}
Received on coeff.go:79 Banana
Banana {"Apple":178, "Banana":357, "Apricot":179}
Sending from coeff.go:95 Banana
Banana {"Apple":180, "Banana":358, "Apricot":179}
Received on coeff.go:49 Banana
Banana {"Apple":180, "Banana":359, "Apricot":179}
Sending from coeff.go:67 Banana
Banana {"Banana":360, "Apricot":181, "Apple":180}
Received on coeff.go:79 Banana
Banana {"Apricot":181, "Apple":180, "Banana":361}
Sending from coeff.go:95 Banana
Banana {"Apple":182, "Banana":362, "Apricot":181}
Received on coeff.go:49 Banana
Banana {"Banana":363, "Apricot":181, "Apple":182}
Sending from coeff.go:67 Banana
Banana {"Apricot":183, "Apple":182, "Banana":364}
Received on coeff.go:79 Banana
Banana {"Apple":182, "Banana":365, "Apricot":183}
Sending from coeff.go:95 Banana
Banana {"Apple":184, "Banana":366, "Apricot":183}
Received on coeff.go:49 Banana
Banana {"Apple":184, "Banana":367, "Apricot":183}
Sending from coeff.go:67 Banana
Banana {"Apple":184, "Banana":368, "Apricot":185}
Received on coeff.go:79 Banana
Banana {"Apple":184, "Banana":369, "Apricot":185}
Sending from coeff.go:95 Banana
Banana {"Banana":370, "Apricot":185, "Apple":186}
Received on coeff.go:49 Banana
Banana {"Apricot":185, "Apple":186, "Banana":371}
Sending from coeff.go:67 Banana
Banana {"Apple":186, "Banana":372, "Apricot":187}
Received on coeff.go:79 Banana
Banana {"Apple":186, "Banana":373, "Apricot":187}
Sending from coeff.go:95 Banana
Banana {"Apple":188, "Banana":374, "Apricot":187}
Received on coeff.go:49 Banana
Banana {"Apple":188, "Banana":375, "Apricot":187}
Sending from coeff.go:67 Banana
Banana {"Apple":188, "Banana":376, "Apricot":189}
Received on coeff.go:79 Banana
Banana {"Apple":188, "Banana":377, "Apricot":189}
Sending from coeff.go:95 Banana
Banana {"Apple":190, "Banana":378, "Apricot":189}
Received on coeff.go:49 Banana
Banana {"Apple":190, "Banana":379, "Apricot":189}
Sending from coeff.go:67 Banana
Banana {"Apple":190, "Banana":380, "Apricot":191}
Received on coeff.go:79 Banana
Banana {"Banana":381, "Apricot":191, "Apple":190}
Sending from coeff.go:95 Banana
Banana {"Apple":192, "Banana":382, "Apricot":191}
Received on coeff.go:49 Banana
Banana {"Apple":192, "Banana":383, "Apricot":191}
Sending from coeff.go:67 Banana
Banana {"Apple":192, "Banana":384, "Apricot":193}
Received on coeff.go:79 Banana
Banana {"Apple":192, "Banana":385, "Apricot":193}
Sending from coeff.go:95 Banana
Banana {"Apple":194, "Banana":386, "Apricot":193}
Received on coeff.go:49 Banana
Banana {"Apricot":193, "Apple":194, "Banana":387}
Sending from coeff.go:67 Banana
Banana {"Apple":194, "Banana":388, "Apricot":195}
Received on coeff.go:79 Banana
Banana {"Apple":194, "Banana":389, "Apricot":195}
Sending from coeff.go:95 Banana
Banana {"Apple":196, "Banana":390, "Apricot":195}
Received on coeff.go:49 Banana
Banana {"Apple":196, "Banana":391, "Apricot":195}
Sending from coeff.go:67 Banana
Banana {"Apple":196, "Banana":392, "Apricot":197}
Received on coeff.go:79 Banana
Banana {"Banana":393, "Apricot":197, "Apple":196}
Sending from coeff.go:95 Banana
Banana {"Apricot":197, "Apple":198, "Banana":394}
Received on coeff.go:49 Banana
Banana {"Apple":198, "Banana":395, "Apricot":197}
Sending from coeff.go:67 Banana
Banana {"Banana":396, "Apricot":199, "Apple":198}
Received on coeff.go:79 Banana
Banana {"Apricot":199, "Apple":198, "Banana":397}
Sending from coeff.go:95 Banana
Banana {"Apple":200, "Banana":398, "Apricot":199}
Received on coeff.go:49 Banana
Banana {"Apple":200, "Banana":399, "Apricot":199}
Sending from coeff.go:67 Banana
Banana {"Apple":200, "Banana":400, "Apricot":201}
Received on coeff.go:79 Banana
Banana {"Apple":200, "Banana":401, "Apricot":201}
Sending from coeff.go:95 Banana
Banana {"Apple":202, "Banana":402, "Apricot":201}
Received on coeff.go:49 Banana
Banana {"Apple":202, "Banana":403, "Apricot":201}
Sending from coeff.go:67 Banana
Banana {"Apple":202, "Banana":404, "Apricot":203}
Received on coeff.go:79 Banana
Banana {"Apple":202, "Banana":405, "Apricot":203}
Sending from coeff.go:95 Banana
Apricot {"Apricot":1}
Initialization Complete
Apricot {"Apple":2, "Banana":3, "Apricot":2}
Received on linn.go:50 Apricot
Apricot {"Banana":3, "Apricot":3, "Apple":2}
Sending from linn.go:68 Apricot
Apricot {"Apple":4, "Banana":7, "Apricot":4}
Received on linn.go:50 Apricot
Apricot {"Apple":4, "Banana":7, "Apricot":5}
Sending from linn.go:68 Apricot
Apricot {"Apple":6, "Banana":11, "Apricot":6}
Received on linn.go:50 Apricot
Apricot {"Apple":6, "Banana":11, "Apricot":7}
Sending from linn.go:68 Apricot
Apricot {"Apricot":8, "Apple":8, "Banana":15}
Received on linn.go:50 Apricot
Apricot {"Apple":8, "Banana":15, "Apricot":9}
Sending from linn.go:68 Apricot
Apricot {"Banana":19, "Apricot":10, "Apple":10}
Received on linn.go:50 Apricot
Apricot {"Apricot":11, "Apple":10, "Banana":19}
Sending from linn.go:68 Apricot
Apricot {"Apple":12, "Banana":23, "Apricot":12}
Received on linn.go:50 Apricot
Apricot {"Apple":12, "Banana":23, "Apricot":13}
Sending from linn.go:68 Apricot
Apricot {"Apple":14, "Banana":27, "Apricot":14}
Received on linn.go:50 Apricot
Apricot {"Apple":14, "Banana":27, "Apricot":15}
Sending from linn.go:68 Apricot
Apricot {"Apple":16, "Banana":31, "Apricot":16}
Received on linn.go:50 Apricot
Apricot {"Apple":16, "Banana":31, "Apricot":17}
Sending from linn.go:68 Apricot
Apricot {"Apple":18, "Banana":35, "Apricot":18}
Received on linn.go:50 Apricot
Apricot {"Apple":18, "Banana":35, "Apricot":19}
Sending from linn.go:68 Apricot
Apricot {"Banana":39, "Apricot":20, "Apple":20}
Received on linn.go:50 Apricot
Apricot {"Apple":20, "Banana":39, "Apricot":21}
Sending from linn.go:68 Apricot
Apricot {"Apricot":22, "Apple":22, "Banana":43}
Received on linn.go:50 Apricot
Apricot {"Apple":22, "Banana":43, "Apricot":23}
Sending from linn.go:68 Apricot
Apricot {"Apple":24, "Banana":47, "Apricot":24}
Received on linn.go:50 Apricot
Apricot {"Apple":24, "Banana":47, "Apricot":25}
Sending from linn.go:68 Apricot
Apricot {"Apple":26, "Banana":51, "Apricot":26}
Received on linn.go:50 Apricot
Apricot {"Apple":26, "Banana":51, "Apricot":27}
Sending from linn.go:68 Apricot
Apricot {"Apple":28, "Banana":55, "Apricot":28}
Received on linn.go:50 Apricot
Apricot {"Apple":28, "Banana":55, "Apricot":29}
Sending from linn.go:68 Apricot
Apricot {"Apple":30, "Banana":59, "Apricot":30}
Received on linn.go:50 Apricot
Apricot {"Apple":30, "Banana":59, "Apricot":31}
Sending from linn.go:68 Apricot
Apricot {"Apple":32, "Banana":63, "Apricot":32}
Received on linn.go:50 Apricot
Apricot {"Apple":32, "Banana":63, "Apricot":33}
Sending from linn.go:68 Apricot
Apricot {"Apple":34, "Banana":67, "Apricot":34}
Received on linn.go:50 Apricot
Apricot {"Banana":67, "Apricot":35, "Apple":34}
Sending from linn.go:68 Apricot
Apricot {"Apricot":36, "Apple":36, "Banana":71}
Received on linn.go:50 Apricot
Apricot {"Apple":36, "Banana":71, "Apricot":37}
Sending from linn.go:68 Apricot
Apricot {"Apple":38, "Banana":75, "Apricot":38}
Received on linn.go:50 Apricot
Apricot {"Apple":38, "Banana":75, "Apricot":39}
Sending from linn.go:68 Apricot
Apricot {"Apple":40, "Banana":79, "Apricot":40}
Received on linn.go:50 Apricot
Apricot {"Apple":40, "Banana":79, "Apricot":41}
Sending from linn.go:68 Apricot
Apricot {"Apple":42, "Banana":83, "Apricot":42}
Received on linn.go:50 Apricot
Apricot {"Banana":83, "Apricot":43, "Apple":42}
Sending from linn.go:68 Apricot
Apricot {"Apricot":44, "Apple":44, "Banana":87}
Received on linn.go:50 Apricot
Apricot {"Apple":44, "Banana":87, "Apricot":45}
Sending from linn.go:68 Apricot
Apricot {"Banana":91, "Apricot":46, "Apple":46}
Received on linn.go:50 Apricot
Apricot {"Apricot":47, "Apple":46, "Banana":91}
Sending from linn.go:68 Apricot
Apricot {"Apple":48, "Banana":95, "Apricot":48}
Received on linn.go:50 Apricot
Apricot {"Banana":95, "Apricot":49, "Apple":48}
Sending from linn.go:68 Apricot
Apricot {"Apricot":50, "Apple":50, "Banana":99}
Received on linn.go:50 Apricot
Apricot {"Apple":50, "Banana":99, "Apricot":51}
Sending from linn.go:68 Apricot
Apricot {"Apple":52, "Banana":103, "Apricot":52}
Received on linn.go:50 Apricot
Apricot {"Apple":52, "Banana":103, "Apricot":53}
Sending from linn.go:68 Apricot
Apricot {"Banana":107, "Apricot":54, "Apple":54}
Received on linn.go:50 Apricot
Apricot {"Apple":54, "Banana":107, "Apricot":55}
Sending from linn.go:68 Apricot
Apricot {"Apricot":56, "Apple":56, "Banana":111}
Received on linn.go:50 Apricot
Apricot {"Apple":56, "Banana":111, "Apricot":57}
Sending from linn.go:68 Apricot
Apricot {"Apple":58, "Banana":115, "Apricot":58}
Received on linn.go:50 Apricot
Apricot {"Banana":115, "Apricot":59, "Apple":58}
Sending from linn.go:68 Apricot
Apricot {"Apple":60, "Banana":119, "Apricot":60}
Received on linn.go:50 Apricot
Apricot {"Apricot":61, "Apple":60, "Banana":119}
Sending from linn.go:68 Apricot
Apricot {"Apple":62, "Banana":123, "Apricot":62}
Received on linn.go:50 Apricot
Apricot {"Apple":62, "Banana":123, "Apricot":63}
Sending from linn.go:68 Apricot
Apricot {"Apple":64, "Banana":127, "Apricot":64}
Received on linn.go:50 Apricot
Apricot {"Banana":127, "Apricot":65, "Apple":64}
Sending from linn.go:68 Apricot
Apricot {"Apple":66, "Banana":131, "Apricot":66}
Received on linn.go:50 Apricot
Apricot {"Apricot":67, "Apple":66, "Banana":131}
Sending from linn.go:68 Apricot
Apricot {"Apple":68, "Banana":135, "Apricot":68}
Received on linn.go:50 Apricot
Apricot {"Banana":135, "Apricot":69, "Apple":68}
Sending from linn.go:68 Apricot
Apricot {"Apple":70, "Banana":139, "Apricot":70}
Received on linn.go:50 Apricot
Apricot {"Apricot":71, "Apple":70, "Banana":139}
Sending from linn.go:68 Apricot
Apricot {"Apple":72, "Banana":143, "Apricot":72}
Received on linn.go:50 Apricot
Apricot {"Apple":72, "Banana":143, "Apricot":73}
Sending from linn.go:68 Apricot
Apricot {"Apple":74, "Banana":147, "Apricot":74}
Received on linn.go:50 Apricot
Apricot {"Apple":74, "Banana":147, "Apricot":75}
Sending from linn.go:68 Apricot
Apricot {"Banana":151, "Apricot":76, "Apple":76}
Received on linn.go:50 Apricot
Apricot {"Apple":76, "Banana":151, "Apricot":77}
Sending from linn.go:68 Apricot
Apricot {"Apple":78, "Banana":155, "Apricot":78}
Received on linn.go:50 Apricot
Apricot {"Apricot":79, "Apple":78, "Banana":155}
Sending from linn.go:68 Apricot
Apricot {"Apple":80, "Banana":159, "Apricot":80}
Received on linn.go:50 Apricot
Apricot {"Apple":80, "Banana":159, "Apricot":81}
Sending from linn.go:68 Apricot
Apricot {"Banana":163, "Apricot":82, "Apple":82}
Received on linn.go:50 Apricot
Apricot {"Apricot":83, "Apple":82, "Banana":163}
Sending from linn.go:68 Apricot
Apricot {"Apple":84, "Banana":167, "Apricot":84}
Received on linn.go:50 Apricot
Apricot {"Apple":84, "Banana":167, "Apricot":85}
Sending from linn.go:68 Apricot
Apricot {"Banana":171, "Apricot":86, "Apple":86}
Received on linn.go:50 Apricot
Apricot {"Apple":86, "Banana":171, "Apricot":87}
Sending from linn.go:68 Apricot
Apricot {"Apricot":88, "Apple":88, "Banana":175}
Received on linn.go:50 Apricot
Apricot {"Apple":88, "Banana":175, "Apricot":89}
Sending from linn.go:68 Apricot
Apricot {"Apple":90, "Banana":179, "Apricot":90}
Received on linn.go:50 Apricot
Apricot {"Banana":179, "Apricot":91, "Apple":90}
Sending from linn.go:68 Apricot
Apricot {"Apricot":92, "Apple":92, "Banana":183}
Received on linn.go:50 Apricot
Apricot {"Apple":92, "Banana":183, "Apricot":93}
Sending from linn.go:68 Apricot
Apricot {"Apple":94, "Banana":187, "Apricot":94}
Received on linn.go:50 Apricot
Apricot {"Apple":94, "Banana":187, "Apricot":95}
Sending from linn.go:68 Apricot
Apricot {"Apple":96, "Banana":191, "Apricot":96}
Received on linn.go:50 Apricot
Apricot {"Banana":191, "Apricot":97, "Apple":96}
Sending from linn.go:68 Apricot
Apricot {"Apple":98, "Banana":195, "Apricot":98}
Received on linn.go:50 Apricot
Apricot {"Apricot":99, "Apple":98, "Banana":195}
Sending from linn.go:68 Apricot
Apricot {"Apple":100, "Banana":199, "Apricot":100}
Received on linn.go:50 Apricot
Apricot {"Apple":100, "Banana":199, "Apricot":101}
Sending from linn.go:68 Apricot
Apricot {"Apple":102, "Banana":203, "Apricot":102}
Received on linn.go:50 Apricot
Apricot {"Apple":102, "Banana":203, "Apricot":103}
Sending from linn.go:68 Apricot
Apricot {"Apple":104, "Banana":207, "Apricot":104}
Received on linn.go:50 Apricot
Apricot {"Apple":104, "Banana":207, "Apricot":105}
Sending from linn.go:68 Apricot
Apricot {"Apple":106, "Banana":211, "Apricot":106}
Received on linn.go:50 Apricot
Apricot {"Banana":211, "Apricot":107, "Apple":106}
Sending from linn.go:68 Apricot
Apricot {"Apple":108, "Banana":215, "Apricot":108}
Received on linn.go:50 Apricot
Apricot {"Apple":108, "Banana":215, "Apricot":109}
Sending from linn.go:68 Apricot
Apricot {"Apricot":110, "Apple":110, "Banana":219}
Received on linn.go:50 Apricot
Apricot {"Apple":110, "Banana":219, "Apricot":111}
Sending from linn.go:68 Apricot
Apricot {"Apple":112, "Banana":223, "Apricot":112}
Received on linn.go:50 Apricot
Apricot {"Apple":112, "Banana":223, "Apricot":113}
Sending from linn.go:68 Apricot
Apricot {"Apple":114, "Banana":227, "Apricot":114}
Received on linn.go:50 Apricot
Apricot {"Apple":114, "Banana":227, "Apricot":115}
Sending from linn.go:68 Apricot
Apricot {"Apple":116, "Banana":231, "Apricot":116}
Received on linn.go:50 Apricot
Apricot {"Apple":116, "Banana":231, "Apricot":117}
Sending from linn.go:68 Apricot
Apricot {"Apple":118, "Banana":235, "Apricot":118}
Received on linn.go:50 Apricot
Apricot {"Banana":235, "Apricot":119, "Apple":118}
Sending from linn.go:68 Apricot
Apricot {"Apricot":120, "Apple":120, "Banana":239}
Received on linn.go:50 Apricot
Apricot {"Apple":120, "Banana":239, "Apricot":121}
Sending from linn.go:68 Apricot
Apricot {"Apple":122, "Banana":243, "Apricot":122}
Received on linn.go:50 Apricot
Apricot {"Apple":122, "Banana":243, "Apricot":123}
Sending from linn.go:68 Apricot
Apricot {"Apple":124, "Banana":247, "Apricot":124}
Received on linn.go:50 Apricot
Apricot {"Apple":124, "Banana":247, "Apricot":125}
Sending from linn.go:68 Apricot
Apricot {"Apple":126, "Banana":251, "Apricot":126}
Received on linn.go:50 Apricot
Apricot {"Apple":126, "Banana":251, "Apricot":127}
Sending from linn.go:68 Apricot
Apricot {"Banana":255, "Apricot":128, "Apple":128}
Received on linn.go:50 Apricot
Apricot {"Apricot":129, "Apple":128, "Banana":255}
Sending from linn.go:68 Apricot
Apricot {"Apple":130, "Banana":259, "Apricot":130}
Received on linn.go:50 Apricot
Apricot {"Banana":259, "Apricot":131, "Apple":130}
Sending from linn.go:68 Apricot
Apricot {"Apple":132, "Banana":263, "Apricot":132}
Received on linn.go:50 Apricot
Apricot {"Apple":132, "Banana":263, "Apricot":133}
Sending from linn.go:68 Apricot
Apricot {"Apricot":134, "Apple":134, "Banana":267}
Received on linn.go:50 Apricot
Apricot {"Apple":134, "Banana":267, "Apricot":135}
Sending from linn.go:68 Apricot
Apricot {"Banana":271, "Apricot":136, "Apple":136}
Received on linn.go:50 Apricot
Apricot {"Apricot":137, "Apple":136, "Banana":271}
Sending from linn.go:68 Apricot
Apricot {"Apple":138, "Banana":275, "Apricot":138}
Received on linn.go:50 Apricot
Apricot {"Apple":138, "Banana":275, "Apricot":139}
Sending from linn.go:68 Apricot
Apricot {"Apple":140, "Banana":279, "Apricot":140}
Received on linn.go:50 Apricot
Apricot {"Apple":140, "Banana":279, "Apricot":141}
Sending from linn.go:68 Apricot
Apricot {"Banana":283, "Apricot":142, "Apple":142}
Received on linn.go:50 Apricot
Apricot {"Apple":142, "Banana":283, "Apricot":143}
Sending from linn.go:68 Apricot
Apricot {"Apricot":144, "Apple":144, "Banana":287}
Received on linn.go:50 Apricot
Apricot {"Apple":144, "Banana":287, "Apricot":145}
Sending from linn.go:68 Apricot
Apricot {"Banana":291, "Apricot":146, "Apple":146}
Received on linn.go:50 Apricot
Apricot {"Apple":146, "Banana":291, "Apricot":147}
Sending from linn.go:68 Apricot
Apricot {"Apricot":148, "Apple":148, "Banana":295}
Received on linn.go:50 Apricot
Apricot {"Apple":148, "Banana":295, "Apricot":149}
Sending from linn.go:68 Apricot
Apricot {"Apple":150, "Banana":299, "Apricot":150}
Received on linn.go:50 Apricot
Apricot {"Apple":150, "Banana":299, "Apricot":151}
Sending from linn.go:68 Apricot
Apricot {"Apple":152, "Banana":303, "Apricot":152}
Received on linn.go:50 Apricot
Apricot {"Apple":152, "Banana":303, "Apricot":153}
Sending from linn.go:68 Apricot
Apricot {"Apple":154, "Banana":307, "Apricot":154}
Received on linn.go:50 Apricot
Apricot {"Banana":307, "Apricot":155, "Apple":154}
Sending from linn.go:68 Apricot
Apricot {"Apricot":156, "Apple":156, "Banana":311}
Received on linn.go:50 Apricot
Apricot {"Apple":156, "Banana":311, "Apricot":157}
Sending from linn.go:68 Apricot
Apricot {"Banana":315, "Apricot":158, "Apple":158}
Received on linn.go:50 Apricot
Apricot {"Apple":158, "Banana":315, "Apricot":159}
Sending from linn.go:68 Apricot
Apricot {"Apple":160, "Banana":319, "Apricot":160}
Received on linn.go:50 Apricot
Apricot {"Apple":160, "Banana":319, "Apricot":161}
Sending from linn.go:68 Apricot
Apricot {"Apple":162, "Banana":323, "Apricot":162}
Received on linn.go:50 Apricot
Apricot {"Apricot":163, "Apple":162, "Banana":323}
Sending from linn.go:68 Apricot
Apricot {"Apple":164, "Banana":327, "Apricot":164}
Received on linn.go:50 Apricot
Apricot {"Apple":164, "Banana":327, "Apricot":165}
Sending from linn.go:68 Apricot
Apricot {"Banana":331, "Apricot":166, "Apple":166}
Received on linn.go:50 Apricot
Apricot {"Apricot":167, "Apple":166, "Banana":331}
Sending from linn.go:68 Apricot
Apricot {"Apple":168, "Banana":335, "Apricot":168}
Received on linn.go:50 Apricot
Apricot {"Banana":335, "Apricot":169, "Apple":168}
Sending from linn.go:68 Apricot
Apricot {"Apricot":170, "Apple":170, "Banana":339}
Received on linn.go:50 Apricot
Apricot {"Apple":170, "Banana":339, "Apricot":171}
Sending from linn.go:68 Apricot
Apricot {"Apple":172, "Banana":343, "Apricot":172}
Received on linn.go:50 Apricot
Apricot {"Apple":172, "Banana":343, "Apricot":173}
Sending from linn.go:68 Apricot
Apricot {"Banana":347, "Apricot":174, "Apple":174}
Received on linn.go:50 Apricot
Apricot {"Apricot":175, "Apple":174, "Banana":347}
Sending from linn.go:68 Apricot
Apricot {"Apple":176, "Banana":351, "Apricot":176}
Received on linn.go:50 Apricot
Apricot {"Apple":176, "Banana":351, "Apricot":177}
Sending from linn.go:68 Apricot
Apricot {"Banana":355, "Apricot":178, "Apple":178}
Received on linn.go:50 Apricot
Apricot {"Apple":178, "Banana":355, "Apricot":179}
Sending from linn.go:68 Apricot
Apricot {"Apple":180, "Banana":359, "Apricot":180}
Received on linn.go:50 Apricot
Apricot {"Apricot":181, "Apple":180, "Banana":359}
Sending from linn.go:68 Apricot
Apricot {"Apple":182, "Banana":363, "Apricot":182}
Received on linn.go:50 Apricot
Apricot {"Apple":182, "Banana":363, "Apricot":183}
Sending from linn.go:68 Apricot
Apricot {"Apple":184, "Banana":367, "Apricot":184}
Received on linn.go:50 Apricot
Apricot {"Apple":184, "Banana":367, "Apricot":185}
Sending from linn.go:68 Apricot
Apricot {"Apple":186, "Banana":371, "Apricot":186}
Received on linn.go:50 Apricot
Apricot {"Apple":186, "Banana":371, "Apricot":187}
Sending from linn.go:68 Apricot
Apricot {"Apple":188, "Banana":375, "Apricot":188}
Received on linn.go:50 Apricot
Apricot {"Apple":188, "Banana":375, "Apricot":189}
Sending from linn.go:68 Apricot
Apricot {"Apple":190, "Banana":379, "Apricot":190}
Received on linn.go:50 Apricot
Apricot {"Apple":190, "Banana":379, "Apricot":191}
Sending from linn.go:68 Apricot
Apricot {"Apple":192, "Banana":383, "Apricot":192}
Received on linn.go:50 Apricot
Apricot {"Apple":192, "Banana":383, "Apricot":193}
Sending from linn.go:68 Apricot
Apricot {"Apple":194, "Banana":387, "Apricot":194}
Received on linn.go:50 Apricot
Apricot {"Banana":387, "Apricot":195, "Apple":194}
Sending from linn.go:68 Apricot
Apricot {"Apricot":196, "Apple":196, "Banana":391}
Received on linn.go:50 Apricot
Apricot {"Apple":196, "Banana":391, "Apricot":197}
Sending from linn.go:68 Apricot
Apricot {"Banana":395, "Apricot":198, "Apple":198}
Received on linn.go:50 Apricot
Apricot {"Apple":198, "Banana":395, "Apricot":199}
Sending from linn.go:68 Apricot
Apricot {"Apricot":200, "Apple":200, "Banana":399}
Received on linn.go:50 Apricot
Apricot {"Apple":200, "Banana":399, "Apricot":201}
Sending from linn.go:68 Apricot
Apricot {"Apple":202, "Banana":403, "Apricot":202}
Received on linn.go:50 Apricot
Apricot {"Apple":202, "Banana":403, "Apricot":203}
Sending from linn.go:68 Apricot
